<?xml version="1.0" encoding="UTF-8"?>
<testng-results ignored="0" total="4" passed="4" failed="0" skipped="0">
  <reporter-output>
  </reporter-output>
  <suite started-at="2022-12-08T09:28:01 IST" name="Suite" finished-at="2022-12-08T09:28:23 IST" duration-ms="22203">
    <groups>
    </groups>
    <test started-at="2022-12-08T09:28:01 IST" name="Test" finished-at="2022-12-08T09:28:23 IST" duration-ms="22203">
      <class name="com.obsqura.testScripts.RadioButtonsDemoTest">
        <test-method is-config="true" signature="InitializeBrowser()[pri:0, instance:com.obsqura.testScripts.RadioButtonsDemoTest@5b03b9fe]" started-at="2022-12-08T09:28:10 IST" name="InitializeBrowser" finished-at="2022-12-08T09:28:13 IST" duration-ms="2907" status="PASS">
          <reporter-output>
          </reporter-output>
        </test-method> <!-- InitializeBrowser -->
        <test-method signature="radiobuttonCheck()[pri:0, instance:com.obsqura.testScripts.RadioButtonsDemoTest@5b03b9fe]" started-at="2022-12-08T09:28:13 IST" name="radiobuttonCheck" finished-at="2022-12-08T09:28:16 IST" duration-ms="2710" status="PASS">
          <reporter-output>
          </reporter-output>
        </test-method> <!-- radiobuttonCheck -->
        <test-method is-config="true" signature="browserQuit()[pri:0, instance:com.obsqura.testScripts.RadioButtonsDemoTest@5b03b9fe]" started-at="2022-12-08T09:28:16 IST" name="browserQuit" finished-at="2022-12-08T09:28:16 IST" duration-ms="142" status="PASS">
          <reporter-output>
          </reporter-output>
        </test-method> <!-- browserQuit -->
      </class> <!-- com.obsqura.testScripts.RadioButtonsDemoTest -->
      <class name="com.obsqura.testScripts.SimpleFormDemoTest">
        <test-method is-config="true" signature="InitializeBrowser()[pri:0, instance:com.obsqura.testScripts.SimpleFormDemoTest@3bf9ce3e]" started-at="2022-12-08T09:28:01 IST" name="InitializeBrowser" finished-at="2022-12-08T09:28:05 IST" duration-ms="4271" status="PASS">
          <reporter-output>
          </reporter-output>
        </test-method> <!-- InitializeBrowser -->
        <test-method signature="enterMsgAndSingleInputField()[pri:0, instance:com.obsqura.testScripts.SimpleFormDemoTest@3bf9ce3e]" started-at="2022-12-08T09:28:05 IST" name="enterMsgAndSingleInputField" finished-at="2022-12-08T09:28:05 IST" duration-ms="322" status="PASS">
          <reporter-output>
          </reporter-output>
        </test-method> <!-- enterMsgAndSingleInputField -->
        <test-method is-config="true" signature="browserQuit()[pri:0, instance:com.obsqura.testScripts.SimpleFormDemoTest@3bf9ce3e]" started-at="2022-12-08T09:28:05 IST" name="browserQuit" finished-at="2022-12-08T09:28:06 IST" duration-ms="191" status="PASS">
          <reporter-output>
          </reporter-output>
        </test-method> <!-- browserQuit -->
      </class> <!-- com.obsqura.testScripts.SimpleFormDemoTest -->
      <class name="com.obsqura.testScripts.CheckBoxDemoTest">
        <test-method is-config="true" signature="InitializeBrowser()[pri:0, instance:com.obsqura.testScripts.CheckBoxDemoTest@57cf54e1]" started-at="2022-12-08T09:28:06 IST" name="InitializeBrowser" finished-at="2022-12-08T09:28:08 IST" duration-ms="2769" status="PASS">
          <reporter-output>
          </reporter-output>
        </test-method> <!-- InitializeBrowser -->
        <test-method signature="checkBoxVerification()[pri:0, instance:com.obsqura.testScripts.CheckBoxDemoTest@57cf54e1]" started-at="2022-12-08T09:28:08 IST" name="checkBoxVerification" finished-at="2022-12-08T09:28:10 IST" duration-ms="1725" status="PASS">
          <reporter-output>
          </reporter-output>
        </test-method> <!-- checkBoxVerification -->
        <test-method is-config="true" signature="browserQuit()[pri:0, instance:com.obsqura.testScripts.CheckBoxDemoTest@57cf54e1]" started-at="2022-12-08T09:28:10 IST" name="browserQuit" finished-at="2022-12-08T09:28:10 IST" duration-ms="184" status="PASS">
          <reporter-output>
          </reporter-output>
        </test-method> <!-- browserQuit -->
      </class> <!-- com.obsqura.testScripts.CheckBoxDemoTest -->
      <class name="com.obsqura.testScripts.SelectInputDemoTest">
        <test-method is-config="true" signature="InitializeBrowser()[pri:0, instance:com.obsqura.testScripts.SelectInputDemoTest@37d4349f]" started-at="2022-12-08T09:28:16 IST" name="InitializeBrowser" finished-at="2022-12-08T09:28:19 IST" duration-ms="2822" status="PASS">
          <reporter-output>
          </reporter-output>
        </test-method> <!-- InitializeBrowser -->
        <test-method signature="selectCheck()[pri:0, instance:com.obsqura.testScripts.SelectInputDemoTest@37d4349f]" started-at="2022-12-08T09:28:19 IST" name="selectCheck" finished-at="2022-12-08T09:28:23 IST" duration-ms="3939" status="PASS">
          <reporter-output>
          </reporter-output>
        </test-method> <!-- selectCheck -->
        <test-method is-config="true" signature="browserQuit()[pri:0, instance:com.obsqura.testScripts.SelectInputDemoTest@37d4349f]" started-at="2022-12-08T09:28:23 IST" name="browserQuit" finished-at="2022-12-08T09:28:23 IST" duration-ms="191" status="PASS">
          <reporter-output>
          </reporter-output>
        </test-method> <!-- browserQuit -->
      </class> <!-- com.obsqura.testScripts.SelectInputDemoTest -->
    </test> <!-- Test -->
  </suite> <!-- Suite -->
</testng-results>
