<?xml version="1.0" encoding="UTF-8"?>
<testng-results ignored="0" total="2" passed="2" failed="0" skipped="0">
  <reporter-output>
  </reporter-output>
  <suite started-at="2022-12-07T23:40:47 IST" name="Suite" finished-at="2022-12-07T23:40:56 IST" duration-ms="8888">
    <groups>
    </groups>
    <test started-at="2022-12-07T23:40:47 IST" name="Test" finished-at="2022-12-07T23:40:56 IST" duration-ms="8888">
      <class name="com.obsqura.testScripts.SimpleFormDemoTest">
        <test-method is-config="true" signature="InitializeBrowser()[pri:0, instance:com.obsqura.testScripts.SimpleFormDemoTest@4efc180e]" started-at="2022-12-07T23:40:47 IST" name="InitializeBrowser" finished-at="2022-12-07T23:40:51 IST" duration-ms="4188" status="PASS">
          <reporter-output>
          </reporter-output>
        </test-method> <!-- InitializeBrowser -->
        <test-method signature="enterMsgAndSingleInputField()[pri:0, instance:com.obsqura.testScripts.SimpleFormDemoTest@4efc180e]" started-at="2022-12-07T23:40:51 IST" name="enterMsgAndSingleInputField" finished-at="2022-12-07T23:40:52 IST" duration-ms="329" status="PASS">
          <reporter-output>
          </reporter-output>
        </test-method> <!-- enterMsgAndSingleInputField -->
        <test-method is-config="true" signature="browserQuit()[pri:0, instance:com.obsqura.testScripts.SimpleFormDemoTest@4efc180e]" started-at="2022-12-07T23:40:52 IST" name="browserQuit" finished-at="2022-12-07T23:40:52 IST" duration-ms="145" status="PASS">
          <reporter-output>
          </reporter-output>
        </test-method> <!-- browserQuit -->
      </class> <!-- com.obsqura.testScripts.SimpleFormDemoTest -->
      <class name="com.obsqura.testScripts.CheckBoxDemoTest">
        <test-method is-config="true" signature="InitializeBrowser()[pri:0, instance:com.obsqura.testScripts.CheckBoxDemoTest@54bff557]" started-at="2022-12-07T23:40:52 IST" name="InitializeBrowser" finished-at="2022-12-07T23:40:55 IST" duration-ms="3473" status="PASS">
          <reporter-output>
          </reporter-output>
        </test-method> <!-- InitializeBrowser -->
        <test-method signature="checkBoxVerification()[pri:0, instance:com.obsqura.testScripts.CheckBoxDemoTest@54bff557]" started-at="2022-12-07T23:40:55 IST" name="checkBoxVerification" finished-at="2022-12-07T23:40:56 IST" duration-ms="538" status="PASS">
          <reporter-output>
          </reporter-output>
        </test-method> <!-- checkBoxVerification -->
        <test-method is-config="true" signature="browserQuit()[pri:0, instance:com.obsqura.testScripts.CheckBoxDemoTest@54bff557]" started-at="2022-12-07T23:40:56 IST" name="browserQuit" finished-at="2022-12-07T23:40:56 IST" duration-ms="184" status="PASS">
          <reporter-output>
          </reporter-output>
        </test-method> <!-- browserQuit -->
      </class> <!-- com.obsqura.testScripts.CheckBoxDemoTest -->
    </test> <!-- Test -->
  </suite> <!-- Suite -->
</testng-results>
