<?xml version="1.0" encoding="UTF-8"?>
<!-- Generated by org.testng.reporters.JUnitXMLReporter -->
<testsuite ignored="0" hostname="LAPTOP-4JQF6QAN" failures="0" tests="4" name="Test" time="22.203" errors="0" timestamp="2022-12-08T09:28:23 IST">
  <testcase classname="com.obsqura.testScripts.SimpleFormDemoTest" name="enterMsgAndSingleInputField" time="0.322"/>
  <testcase classname="com.obsqura.testScripts.CheckBoxDemoTest" name="checkBoxVerification" time="1.725"/>
  <testcase classname="com.obsqura.testScripts.RadioButtonsDemoTest" name="radiobuttonCheck" time="2.71"/>
  <testcase classname="com.obsqura.testScripts.SelectInputDemoTest" name="selectCheck" time="3.939"/>
</testsuite> <!-- Test -->
