<?xml version="1.0" encoding="UTF-8"?>
<!-- Generated by org.testng.reporters.JUnitXMLReporter -->
<testsuite ignored="1" hostname="LAPTOP-4JQF6QAN" failures="1" tests="1" name="Test" time="5.278" errors="0" timestamp="2022-11-30T17:28:15 IST">
  <testcase classname="com.obsqura.TestNgSample.Guru" name="radioButtonNoSelected" time="0.089">
    <failure type="java.lang.AssertionError" message="no button not selected expected [true] but found [false]">
      <![CDATA[java.lang.AssertionError: no button not selected expected [true] but found [false]
at com.obsqura.TestNgSample.Guru.radioButtonNoSelected(Guru.java:52)
at java.base/java.util.ArrayList.forEach(ArrayList.java:1511)
... Removed 30 stack frames]]>
    </failure>
  </testcase> <!-- radioButtonNoSelected -->
  <testcase classname="com.obsqura.TestNgSample.Guru" name="radioButtonDeSelected" time="0.0">
    <ignored/>
  </testcase> <!-- radioButtonDeSelected -->
</testsuite> <!-- Test -->
