<?xml version="1.0" encoding="UTF-8"?>
<!-- Generated by org.testng.reporters.JUnitXMLReporter -->
<testsuite ignored="0" hostname="LAPTOP-4JQF6QAN" failures="0" tests="2" name="sampleMultibrowsing" time="0.096" errors="0" timestamp="2023-01-12T20:53:15 IST">
  <testcase classname="com.obsqura.SuperMarket7r.Base" name="@BeforeMethod InitializeBrowser" time="0.041">
    <failure type="java.lang.IllegalStateException" message="The path to the driver executable The path to the driver executable must be set by the webdriver.edge.driver system property; for more information, see https://docs.microsoft.com/en-us/microsoft-edge/webdriver-chromium/. The latest version can be downloaded from https://developer.microsoft.com/en-us/microsoft-edge/tools/webdriver/">
      <![CDATA[java.lang.IllegalStateException: The path to the driver executable The path to the driver executable must be set by the webdriver.edge.driver system property; for more information, see https://docs.microsoft.com/en-us/microsoft-edge/webdriver-chromium/. The latest version can be downloaded from https://developer.microsoft.com/en-us/microsoft-edge/tools/webdriver/
at org.openqa.selenium.internal.Require$StateChecker.nonNull(Require.java:311)
at org.openqa.selenium.remote.service.DriverService.findExecutable(DriverService.java:135)
at org.openqa.selenium.edge.EdgeDriverService.access$000(EdgeDriverService.java:40)
at org.openqa.selenium.edge.EdgeDriverService$Builder.findDefaultExecutable(EdgeDriverService.java:176)
at org.openqa.selenium.remote.service.DriverService$Builder.build(DriverService.java:437)
at org.openqa.selenium.edge.EdgeDriver.<init>(EdgeDriver.java:46)
at org.openqa.selenium.edge.EdgeDriver.<init>(EdgeDriver.java:42)
at com.obsqura.SuperMarket7r.Base.InitializeBrowser(Base.java:69)
at java.base/java.util.ArrayList.forEach(ArrayList.java:1511)
at java.base/java.util.concurrent.FutureTask.run(FutureTask.java:264)
at java.base/java.util.concurrent.ThreadPoolExecutor.runWorker(ThreadPoolExecutor.java:1136)
at java.base/java.util.concurrent.ThreadPoolExecutor$Worker.run(ThreadPoolExecutor.java:635)
at java.base/java.lang.Thread.run(Thread.java:833)
... Removed 22 stack frames]]>
    </failure>
  </testcase> <!-- @BeforeMethod InitializeBrowser -->
  <testcase classname="com.obsqura.SuperMarket7r.Base" name="@AfterMethod browserQuit" time="-1.673536995125E9">
    <skipped/>
  </testcase> <!-- @AfterMethod browserQuit -->
  <testcase classname="com.obsqura.SuperMarket7r.Base" name="@BeforeMethod InitializeBrowser" time="0.003">
    <failure type="java.lang.IllegalStateException" message="The path to the driver executable The path to the driver executable must be set by the webdriver.edge.driver system property; for more information, see https://docs.microsoft.com/en-us/microsoft-edge/webdriver-chromium/. The latest version can be downloaded from https://developer.microsoft.com/en-us/microsoft-edge/tools/webdriver/">
      <![CDATA[java.lang.IllegalStateException: The path to the driver executable The path to the driver executable must be set by the webdriver.edge.driver system property; for more information, see https://docs.microsoft.com/en-us/microsoft-edge/webdriver-chromium/. The latest version can be downloaded from https://developer.microsoft.com/en-us/microsoft-edge/tools/webdriver/
at org.openqa.selenium.internal.Require$StateChecker.nonNull(Require.java:311)
at org.openqa.selenium.remote.service.DriverService.findExecutable(DriverService.java:135)
at org.openqa.selenium.edge.EdgeDriverService.access$000(EdgeDriverService.java:40)
at org.openqa.selenium.edge.EdgeDriverService$Builder.findDefaultExecutable(EdgeDriverService.java:176)
at org.openqa.selenium.remote.service.DriverService$Builder.build(DriverService.java:437)
at org.openqa.selenium.edge.EdgeDriver.<init>(EdgeDriver.java:46)
at org.openqa.selenium.edge.EdgeDriver.<init>(EdgeDriver.java:42)
at com.obsqura.SuperMarket7r.Base.InitializeBrowser(Base.java:69)
at java.base/java.util.ArrayList.forEach(ArrayList.java:1511)
at java.base/java.util.concurrent.FutureTask.run(FutureTask.java:264)
at java.base/java.util.concurrent.ThreadPoolExecutor.runWorker(ThreadPoolExecutor.java:1136)
at java.base/java.util.concurrent.ThreadPoolExecutor$Worker.run(ThreadPoolExecutor.java:635)
at java.base/java.lang.Thread.run(Thread.java:833)
... Removed 22 stack frames]]>
    </failure>
  </testcase> <!-- @BeforeMethod InitializeBrowser -->
  <testcase classname="com.obsqura.SuperMarket7r.Base" name="@AfterMethod browserQuit" time="-1.673536995137E9">
    <skipped/>
  </testcase> <!-- @AfterMethod browserQuit -->
  <testcase classname="com.obsqura.testScripts.LoginTest" name="loadPage" time="0.0">
    <skipped/>
  </testcase> <!-- loadPage -->
  <testcase classname="com.obsqura.testScripts.ManageExpenseTest" name="manageExpenseTestMethod" time="0.0">
    <skipped/>
  </testcase> <!-- manageExpenseTestMethod -->
</testsuite> <!-- sampleMultibrowsing -->
