<?xml version="1.0" encoding="UTF-8"?>
<testng-results ignored="0" total="2" passed="2" failed="0" skipped="0">
  <reporter-output>
  </reporter-output>
  <suite started-at="2023-01-17T08:36:31 IST" name="Suite" finished-at="2023-01-17T08:36:50 IST" duration-ms="19679">
    <groups>
    </groups>
    <test started-at="2023-01-17T08:36:31 IST" name="Test" finished-at="2023-01-17T08:36:50 IST" duration-ms="19679">
      <class name="com.obsqura.testScripts.ManageExpenseTest">
        <test-method is-config="true" signature="InitializeBrowser(java.lang.String)[pri:0, instance:com.obsqura.testScripts.ManageExpenseTest@7a362b6b]" started-at="2023-01-17T08:36:42 IST" name="InitializeBrowser" finished-at="2023-01-17T08:36:47 IST" duration-ms="5147" status="PASS">
          <params>
            <param index="0">
              <value>
                <![CDATA[chrome]]>
              </value>
            </param>
          </params>
          <reporter-output>
          </reporter-output>
        </test-method> <!-- InitializeBrowser -->
        <test-method signature="manageExpenseTestMethod()[pri:0, instance:com.obsqura.testScripts.ManageExpenseTest@7a362b6b]" started-at="2023-01-17T08:36:47 IST" name="manageExpenseTestMethod" finished-at="2023-01-17T08:36:50 IST" duration-ms="2722" status="PASS">
          <reporter-output>
          </reporter-output>
        </test-method> <!-- manageExpenseTestMethod -->
        <test-method is-config="true" signature="browserQuit()[pri:0, instance:com.obsqura.testScripts.ManageExpenseTest@7a362b6b]" started-at="2023-01-17T08:36:50 IST" name="browserQuit" finished-at="2023-01-17T08:36:50 IST" duration-ms="210" status="PASS">
          <reporter-output>
          </reporter-output>
        </test-method> <!-- browserQuit -->
      </class> <!-- com.obsqura.testScripts.ManageExpenseTest -->
      <class name="com.obsqura.testScripts.LoginTest">
        <test-method is-config="true" signature="InitializeBrowser(java.lang.String)[pri:0, instance:com.obsqura.testScripts.LoginTest@327bcebd]" started-at="2023-01-17T08:36:31 IST" name="InitializeBrowser" finished-at="2023-01-17T08:36:39 IST" duration-ms="8270" status="PASS">
          <params>
            <param index="0">
              <value>
                <![CDATA[chrome]]>
              </value>
            </param>
          </params>
          <reporter-output>
          </reporter-output>
        </test-method> <!-- InitializeBrowser -->
        <test-method signature="loadPage()[pri:0, instance:com.obsqura.testScripts.LoginTest@327bcebd]" started-at="2023-01-17T08:36:39 IST" name="loadPage" finished-at="2023-01-17T08:36:42 IST" duration-ms="2963" status="PASS">
          <reporter-output>
          </reporter-output>
        </test-method> <!-- loadPage -->
        <test-method is-config="true" signature="browserQuit()[pri:0, instance:com.obsqura.testScripts.LoginTest@327bcebd]" started-at="2023-01-17T08:36:42 IST" name="browserQuit" finished-at="2023-01-17T08:36:42 IST" duration-ms="323" status="PASS">
          <reporter-output>
          </reporter-output>
        </test-method> <!-- browserQuit -->
      </class> <!-- com.obsqura.testScripts.LoginTest -->
    </test> <!-- Test -->
  </suite> <!-- Suite -->
</testng-results>
