<?xml version="1.0" encoding="UTF-8"?>
<testng-results ignored="0" total="1" passed="1" failed="0" skipped="0">
  <reporter-output>
  </reporter-output>
  <suite started-at="2022-11-21T16:36:14 IST" name="Suite" finished-at="2022-11-21T16:36:18 IST" duration-ms="3934">
    <groups>
    </groups>
    <test started-at="2022-11-21T16:36:14 IST" name="Test" finished-at="2022-11-21T16:36:18 IST" duration-ms="3934">
      <class name="com.obsqura.TestNgSample.Sum">
        <test-method is-config="true" signature="InitializeBrowser()[pri:0, instance:com.obsqura.TestNgSample.Sum@505fc5a4]" started-at="2022-11-21T16:36:14 IST" name="InitializeBrowser" finished-at="2022-11-21T16:36:17 IST" duration-ms="3572" status="PASS">
          <reporter-output>
          </reporter-output>
        </test-method> <!-- InitializeBrowser -->
        <test-method signature="sum()[pri:0, instance:com.obsqura.TestNgSample.Sum@505fc5a4]" started-at="2022-11-21T16:36:17 IST" name="sum" finished-at="2022-11-21T16:36:17 IST" duration-ms="189" status="PASS">
          <reporter-output>
          </reporter-output>
        </test-method> <!-- sum -->
        <test-method is-config="true" signature="browserQuit()[pri:0, instance:com.obsqura.TestNgSample.Sum@505fc5a4]" started-at="2022-11-21T16:36:17 IST" name="browserQuit" finished-at="2022-11-21T16:36:18 IST" duration-ms="143" status="PASS">
          <reporter-output>
          </reporter-output>
        </test-method> <!-- browserQuit -->
      </class> <!-- com.obsqura.TestNgSample.Sum -->
    </test> <!-- Test -->
  </suite> <!-- Suite -->
</testng-results>
