<?xml version="1.0" encoding="UTF-8"?>
<!-- Generated by org.testng.reporters.JUnitXMLReporter -->
<testsuite ignored="0" hostname="LAPTOP-4JQF6QAN" failures="0" tests="3" name="Default test" time="12.255" errors="0" timestamp="2022-11-28T17:09:29 IST">
  <testcase classname="com.obsqura.TestNgSample.GetLocation" name="findLoc" time="0.055"/>
  <testcase classname="com.obsqura.TestNgSample.GetLocation" name="findelementsSample" time="0.108"/>
  <testcase classname="com.obsqura.TestNgSample.GetLocation" name="findelementsSample1" time="2.338"/>
</testsuite> <!-- Default test -->
